# JRE version: OpenJDK Runtime Environment Temurin-17.0.10+7 (17.0.10+7) (build 17.0.10+7)
# Java VM: OpenJDK 64-Bit Server VM Temurin-17.0.10+7 (17.0.10+7, mixed mode, tiered, compressed oops, compressed class ptrs, parallel gc, windows-amd64)
GC Precious Log:
 CPUs: 12 total, 12 available
 Memory: 32614M
 Large Page Support: Disabled
 NUMA Support: Disabled
 Compressed Oops: Enabled (32-bit)
 Alignments: Space 512K, Generation 512K, Heap 2M
 Heap Min Capacity: 100M
 Heap Initial Capacity: 100M
 Heap Max Capacity: 1G
 Pre-touch: Disabled
 Parallel Workers: 10
Heap:
 PSYoungGen      total 24576K, used 12537K [0x00000000eab00000, 0x00000000ec600000, 0x0000000100000000)
  eden space 22016K, 46% used [0x00000000eab00000,0x00000000eb50e6e0,0x00000000ec080000)
  from space 2560K, 87% used [0x00000000ec380000,0x00000000ec5b0000,0x00000000ec600000)
  to   space 2560K, 0% used [0x00000000ec100000,0x00000000ec100000,0x00000000ec380000)
 ParOldGen       total 68608K, used 22293K [0x00000000c0000000, 0x00000000c4300000, 0x00000000eab00000)
  object space 68608K, 32% used [0x00000000c0000000,0x00000000c15c5430,0x00000000c4300000)
 Metaspace       used 37206K, committed 37952K, reserved 1114112K
  class space    used 3800K, committed 4160K, reserved 1048576K
GC Heap History (20 events):
Event: 6.003 GC heap before
{Heap before GC invocations=7 (full 1):
 PSYoungGen      total 26112K, used 25773K [0x00000000eab00000, 0x00000000ec880000, 0x0000000100000000)
  eden space 25088K, 100% used [0x00000000eab00000,0x00000000ec380000,0x00000000ec380000)
  from space 1024K, 66% used [0x00000000ec400000,0x00000000ec4ab588,0x00000000ec500000)
  to   space 2560K, 0% used [0x00000000ec600000,0x00000000ec600000,0x00000000ec880000)
 ParOldGen       total 68608K, used 6743K [0x00000000c0000000, 0x00000000c4300000, 0x00000000eab00000)
  object space 68608K, 9% used [0x00000000c0000000,0x00000000c0695fb0,0x00000000c4300000)
 Metaspace       used 26840K, committed 27328K, reserved 1114112K
  class space    used 2586K, committed 2816K, reserved 1048576K
}
Event: 6.003 GC heap after
{Heap after GC invocations=7 (full 1):
 PSYoungGen      total 26112K, used 1065K [0x00000000eab00000, 0x00000000ec780000, 0x0000000100000000)
  eden space 24576K, 0% used [0x00000000eab00000,0x00000000eab00000,0x00000000ec300000)
  from space 1536K, 69% used [0x00000000ec600000,0x00000000ec70a4c0,0x00000000ec780000)
  to   space 1536K, 0% used [0x00000000ec480000,0x00000000ec480000,0x00000000ec600000)
 ParOldGen       total 68608K, used 6751K [0x00000000c0000000, 0x00000000c4300000, 0x00000000eab00000)
  object space 68608K, 9% used [0x00000000c0000000,0x00000000c0697fb0,0x00000000c4300000)
 Metaspace       used 26840K, committed 27328K, reserved 1114112K
  class space    used 2586K, committed 2816K, reserved 1048576K
}
Event: 6.952 GC heap before
{Heap before GC invocations=8 (full 1):
 PSYoungGen      total 26112K, used 25641K [0x00000000eab00000, 0x00000000ec780000, 0x0000000100000000)
  eden space 24576K, 100% used [0x00000000eab00000,0x00000000ec300000,0x00000000ec300000)
  from space 1536K, 69% used [0x00000000ec600000,0x00000000ec70a4c0,0x00000000ec780000)
  to   space 1536K, 0% used [0x00000000ec480000,0x00000000ec480000,0x00000000ec600000)
 ParOldGen       total 68608K, used 6760K [0x00000000c0000000, 0x00000000c4300000, 0x00000000eab00000)
  object space 68608K, 9% used [0x00000000c0000000,0x00000000c069a160,0x00000000c4300000)
 Metaspace       used 31474K, committed 32064K, reserved 1114112K
  class space    used 3092K, committed 3328K, reserved 1048576K
}
Event: 6.954 GC heap after
{Heap after GC invocations=8 (full 1):
 PSYoungGen      total 26112K, used 1534K [0x00000000eab00000, 0x00000000eca00000, 0x0000000100000000)
  eden space 24576K, 0% used [0x00000000eab00000,0x00000000eab00000,0x00000000ec300000)
  from space 1536K, 99% used [0x00000000ec480000,0x00000000ec5ff898,0x00000000ec600000)
  to   space 3584K, 0% used [0x00000000ec680000,0x00000000ec680000,0x00000000eca00000)
 ParOldGen       total 68608K, used 8408K [0x00000000c0000000, 0x00000000c4300000, 0x00000000eab00000)
  object space 68608K, 12% used [0x00000000c0000000,0x00000000c0836190,0x00000000c4300000)
 Metaspace       used 31474K, committed 32064K, reserved 1114112K
  class space    used 3092K, committed 3328K, reserved 1048576K
}
Event: 7.377 GC heap before
{Heap before GC invocations=9 (full 1):
 PSYoungGen      total 26112K, used 24609K [0x00000000eab00000, 0x00000000eca00000, 0x0000000100000000)
  eden space 24576K, 93% used [0x00000000eab00000,0x00000000ec188be0,0x00000000ec300000)
  from space 1536K, 99% used [0x00000000ec480000,0x00000000ec5ff898,0x00000000ec600000)
  to   space 3584K, 0% used [0x00000000ec680000,0x00000000ec680000,0x00000000eca00000)
 ParOldGen       total 68608K, used 8408K [0x00000000c0000000, 0x00000000c4300000, 0x00000000eab00000)
  object space 68608K, 12% used [0x00000000c0000000,0x00000000c0836190,0x00000000c4300000)
 Metaspace       used 35130K, committed 35840K, reserved 1114112K
  class space    used 3555K, committed 3904K, reserved 1048576K
}
Event: 7.379 GC heap after
{Heap after GC invocations=9 (full 1):
 PSYoungGen      total 28160K, used 3191K [0x00000000eab00000, 0x00000000eca00000, 0x0000000100000000)
  eden space 24576K, 0% used [0x00000000eab00000,0x00000000eab00000,0x00000000ec300000)
  from space 3584K, 89% used [0x00000000ec680000,0x00000000ec99dd98,0x00000000eca00000)
  to   space 3584K, 0% used [0x00000000ec300000,0x00000000ec300000,0x00000000ec680000)
 ParOldGen       total 68608K, used 8416K [0x00000000c0000000, 0x00000000c4300000, 0x00000000eab00000)
  object space 68608K, 12% used [0x00000000c0000000,0x00000000c0838190,0x00000000c4300000)
 Metaspace       used 35130K, committed 35840K, reserved 1114112K
  class space    used 3555K, committed 3904K, reserved 1048576K
}
Event: 7.379 GC heap before
{Heap before GC invocations=10 (full 2):
 PSYoungGen      total 28160K, used 3191K [0x00000000eab00000, 0x00000000eca00000, 0x0000000100000000)
  eden space 24576K, 0% used [0x00000000eab00000,0x00000000eab00000,0x00000000ec300000)
  from space 3584K, 89% used [0x00000000ec680000,0x00000000ec99dd98,0x00000000eca00000)
  to   space 3584K, 0% used [0x00000000ec300000,0x00000000ec300000,0x00000000ec680000)
 ParOldGen       total 68608K, used 8416K [0x00000000c0000000, 0x00000000c4300000, 0x00000000eab00000)
  object space 68608K, 12% used [0x00000000c0000000,0x00000000c0838190,0x00000000c4300000)
 Metaspace       used 35130K, committed 35840K, reserved 1114112K
  class space    used 3555K, committed 3904K, reserved 1048576K
}
Event: 7.403 GC heap after
{Heap after GC invocations=10 (full 2):
 PSYoungGen      total 28160K, used 0K [0x00000000eab00000, 0x00000000eca00000, 0x0000000100000000)
  eden space 24576K, 0% used [0x00000000eab00000,0x00000000eab00000,0x00000000ec300000)
  from space 3584K, 0% used [0x00000000ec680000,0x00000000ec680000,0x00000000eca00000)
  to   space 3584K, 0% used [0x00000000ec300000,0x00000000ec300000,0x00000000ec680000)
 ParOldGen       total 68608K, used 11331K [0x00000000c0000000, 0x00000000c4300000, 0x00000000eab00000)
  object space 68608K, 16% used [0x00000000c0000000,0x00000000c0b10ef8,0x00000000c4300000)
 Metaspace       used 35130K, committed 35840K, reserved 1114112K
  class space    used 3555K, committed 3904K, reserved 1048576K
}
Event: 7.761 GC heap before
{Heap before GC invocations=11 (full 2):
 PSYoungGen      total 28160K, used 24576K [0x00000000eab00000, 0x00000000eca00000, 0x0000000100000000)
  eden space 24576K, 100% used [0x00000000eab00000,0x00000000ec300000,0x00000000ec300000)
  from space 3584K, 0% used [0x00000000ec680000,0x00000000ec680000,0x00000000eca00000)
  to   space 3584K, 0% used [0x00000000ec300000,0x00000000ec300000,0x00000000ec680000)
 ParOldGen       total 68608K, used 11333K [0x00000000c0000000, 0x00000000c4300000, 0x00000000eab00000)
  object space 68608K, 16% used [0x00000000c0000000,0x00000000c0b11718,0x00000000c4300000)
 Metaspace       used 36608K, committed 37376K, reserved 1114112K
  class space    used 3728K, committed 4096K, reserved 1048576K
}
Event: 7.763 GC heap after
{Heap after GC invocations=11 (full 2):
 PSYoungGen      total 26624K, used 2048K [0x00000000eab00000, 0x00000000ec780000, 0x0000000100000000)
  eden space 24064K, 0% used [0x00000000eab00000,0x00000000eab00000,0x00000000ec280000)
  from space 2560K, 80% used [0x00000000ec300000,0x00000000ec500040,0x00000000ec580000)
  to   space 2048K, 0% used [0x00000000ec580000,0x00000000ec580000,0x00000000ec780000)
 ParOldGen       total 68608K, used 11341K [0x00000000c0000000, 0x00000000c4300000, 0x00000000eab00000)
  object space 68608K, 16% used [0x00000000c0000000,0x00000000c0b13718,0x00000000c4300000)
 Metaspace       used 36608K, committed 37376K, reserved 1114112K
  class space    used 3728K, committed 4096K, reserved 1048576K
}
Event: 7.939 GC heap before
{Heap before GC invocations=12 (full 2):
 PSYoungGen      total 26624K, used 26112K [0x00000000eab00000, 0x00000000ec780000, 0x0000000100000000)
  eden space 24064K, 100% used [0x00000000eab00000,0x00000000ec280000,0x00000000ec280000)
  from space 2560K, 80% used [0x00000000ec300000,0x00000000ec500040,0x00000000ec580000)
  to   space 2048K, 0% used [0x00000000ec580000,0x00000000ec580000,0x00000000ec780000)
 ParOldGen       total 68608K, used 11341K [0x00000000c0000000, 0x00000000c4300000, 0x00000000eab00000)
  object space 68608K, 16% used [0x00000000c0000000,0x00000000c0b13718,0x00000000c4300000)
 Metaspace       used 36788K, committed 37504K, reserved 1114112K
  class space    used 3747K, committed 4096K, reserved 1048576K
}
Event: 7.941 GC heap after
{Heap after GC invocations=12 (full 2):
 PSYoungGen      total 24576K, used 2016K [0x00000000eab00000, 0x00000000ecb00000, 0x0000000100000000)
  eden space 22528K, 0% used [0x00000000eab00000,0x00000000eab00000,0x00000000ec100000)
  from space 2048K, 98% used [0x00000000ec580000,0x00000000ec778030,0x00000000ec780000)
  to   space 4608K, 0% used [0x00000000ec100000,0x00000000ec100000,0x00000000ec580000)
 ParOldGen       total 68608K, used 13205K [0x00000000c0000000, 0x00000000c4300000, 0x00000000eab00000)
  object space 68608K, 19% used [0x00000000c0000000,0x00000000c0ce5728,0x00000000c4300000)
 Metaspace       used 36788K, committed 37504K, reserved 1114112K
  class space    used 3747K, committed 4096K, reserved 1048576K
}
Event: 8.048 GC heap before
{Heap before GC invocations=13 (full 2):
 PSYoungGen      total 24576K, used 24544K [0x00000000eab00000, 0x00000000ecb00000, 0x0000000100000000)
  eden space 22528K, 100% used [0x00000000eab00000,0x00000000ec100000,0x00000000ec100000)
  from space 2048K, 98% used [0x00000000ec580000,0x00000000ec778030,0x00000000ec780000)
  to   space 4608K, 0% used [0x00000000ec100000,0x00000000ec100000,0x00000000ec580000)
 ParOldGen       total 68608K, used 13205K [0x00000000c0000000, 0x00000000c4300000, 0x00000000eab00000)
  object space 68608K, 19% used [0x00000000c0000000,0x00000000c0ce5728,0x00000000c4300000)
 Metaspace       used 36827K, committed 37632K, reserved 1114112K
  class space    used 3748K, committed 4096K, reserved 1048576K
}
Event: 8.050 GC heap after
{Heap after GC invocations=13 (full 2):
 PSYoungGen      total 24576K, used 2292K [0x00000000eab00000, 0x00000000ec680000, 0x0000000100000000)
  eden space 22016K, 0% used [0x00000000eab00000,0x00000000eab00000,0x00000000ec080000)
  from space 2560K, 89% used [0x00000000ec100000,0x00000000ec33d130,0x00000000ec380000)
  to   space 3072K, 0% used [0x00000000ec380000,0x00000000ec380000,0x00000000ec680000)
 ParOldGen       total 68608K, used 15197K [0x00000000c0000000, 0x00000000c4300000, 0x00000000eab00000)
  object space 68608K, 22% used [0x00000000c0000000,0x00000000c0ed7758,0x00000000c4300000)
 Metaspace       used 36827K, committed 37632K, reserved 1114112K
  class space    used 3748K, committed 4096K, reserved 1048576K
}
Event: 8.133 GC heap before
{Heap before GC invocations=14 (full 2):
 PSYoungGen      total 24576K, used 24308K [0x00000000eab00000, 0x00000000ec680000, 0x0000000100000000)
  eden space 22016K, 100% used [0x00000000eab00000,0x00000000ec080000,0x00000000ec080000)
  from space 2560K, 89% used [0x00000000ec100000,0x00000000ec33d130,0x00000000ec380000)
  to   space 3072K, 0% used [0x00000000ec380000,0x00000000ec380000,0x00000000ec680000)
 ParOldGen       total 68608K, used 15197K [0x00000000c0000000, 0x00000000c4300000, 0x00000000eab00000)
  object space 68608K, 22% used [0x00000000c0000000,0x00000000c0ed7758,0x00000000c4300000)
 Metaspace       used 36890K, committed 37696K, reserved 1114112K
  class space    used 3761K, committed 4160K, reserved 1048576K
}
Event: 8.135 GC heap after
{Heap after GC invocations=14 (full 2):
 PSYoungGen      total 25088K, used 2560K [0x00000000eab00000, 0x00000000ec680000, 0x0000000100000000)
  eden space 22016K, 0% used [0x00000000eab00000,0x00000000eab00000,0x00000000ec080000)
  from space 3072K, 83% used [0x00000000ec380000,0x00000000ec600010,0x00000000ec680000)
  to   space 3072K, 0% used [0x00000000ec080000,0x00000000ec080000,0x00000000ec380000)
 ParOldGen       total 68608K, used 17314K [0x00000000c0000000, 0x00000000c4300000, 0x00000000eab00000)
  object space 68608K, 25% used [0x00000000c0000000,0x00000000c10e8888,0x00000000c4300000)
 Metaspace       used 36890K, committed 37696K, reserved 1114112K
  class space    used 3761K, committed 4160K, reserved 1048576K
}
Event: 8.201 GC heap before
{Heap before GC invocations=15 (full 2):
 PSYoungGen      total 25088K, used 24576K [0x00000000eab00000, 0x00000000ec680000, 0x0000000100000000)
  eden space 22016K, 100% used [0x00000000eab00000,0x00000000ec080000,0x00000000ec080000)
  from space 3072K, 83% used [0x00000000ec380000,0x00000000ec600010,0x00000000ec680000)
  to   space 3072K, 0% used [0x00000000ec080000,0x00000000ec080000,0x00000000ec380000)
 ParOldGen       total 68608K, used 17314K [0x00000000c0000000, 0x00000000c4300000, 0x00000000eab00000)
  object space 68608K, 25% used [0x00000000c0000000,0x00000000c10e8888,0x00000000c4300000)
 Metaspace       used 36890K, committed 37696K, reserved 1114112K
  class space    used 3761K, committed 4160K, reserved 1048576K
}
Event: 8.204 GC heap after
{Heap after GC invocations=15 (full 2):
 PSYoungGen      total 25088K, used 2624K [0x00000000eab00000, 0x00000000ec680000, 0x0000000100000000)
  eden space 22016K, 0% used [0x00000000eab00000,0x00000000eab00000,0x00000000ec080000)
  from space 3072K, 85% used [0x00000000ec080000,0x00000000ec310010,0x00000000ec380000)
  to   space 3072K, 0% used [0x00000000ec380000,0x00000000ec380000,0x00000000ec680000)
 ParOldGen       total 68608K, used 19813K [0x00000000c0000000, 0x00000000c4300000, 0x00000000eab00000)
  object space 68608K, 28% used [0x00000000c0000000,0x00000000c1359420,0x00000000c4300000)
 Metaspace       used 36890K, committed 37696K, reserved 1114112K
  class space    used 3761K, committed 4160K, reserved 1048576K
}
Event: 8.242 GC heap before
{Heap before GC invocations=16 (full 2):
 PSYoungGen      total 25088K, used 24640K [0x00000000eab00000, 0x00000000ec680000, 0x0000000100000000)
  eden space 22016K, 100% used [0x00000000eab00000,0x00000000ec080000,0x00000000ec080000)
  from space 3072K, 85% used [0x00000000ec080000,0x00000000ec310010,0x00000000ec380000)
  to   space 3072K, 0% used [0x00000000ec380000,0x00000000ec380000,0x00000000ec680000)
 ParOldGen       total 68608K, used 19813K [0x00000000c0000000, 0x00000000c4300000, 0x00000000eab00000)
  object space 68608K, 28% used [0x00000000c0000000,0x00000000c1359420,0x00000000c4300000)
 Metaspace       used 36890K, committed 37696K, reserved 1114112K
  class space    used 3761K, committed 4160K, reserved 1048576K
}
Event: 8.245 GC heap after
{Heap after GC invocations=16 (full 2):
 PSYoungGen      total 24576K, used 2240K [0x00000000eab00000, 0x00000000ec600000, 0x0000000100000000)
  eden space 22016K, 0% used [0x00000000eab00000,0x00000000eab00000,0x00000000ec080000)
  from space 2560K, 87% used [0x00000000ec380000,0x00000000ec5b0000,0x00000000ec600000)
  to   space 2560K, 0% used [0x00000000ec100000,0x00000000ec100000,0x00000000ec380000)
 ParOldGen       total 68608K, used 22293K [0x00000000c0000000, 0x00000000c4300000, 0x00000000eab00000)
  object space 68608K, 32% used [0x00000000c0000000,0x00000000c15c5430,0x00000000c4300000)
 Metaspace       used 36890K, committed 37696K, reserved 1114112K
  class space    used 3761K, committed 4160K, reserved 1048576K
}

